<?xml version="1.0" encoding="UTF-8"?>
<coverage generated="1483007243051" clover="3.2.0">
  <project timestamp="1483007243051" name="All files">
    <metrics statements="46" coveredstatements="46" conditionals="65" coveredconditionals="49" methods="22" coveredmethods="22" elements="133" coveredelements="117" complexity="0" loc="46" ncloc="46" packages="1" files="2" classes="2">
      <file name="Tag.js" path="/Users/yuya/Desktop/ruffnote/react-tagging-input/src/component/js/Tag.js">
        <metrics statements="8" coveredstatements="8" conditionals="7" coveredconditionals="6" methods="3" coveredmethods="3"/>
        <line num="3" count="2" type="stmt"/>
        <line num="5" count="2" type="stmt"/>
        <line num="6" count="94" type="stmt"/>
        <line num="7" count="4" type="stmt"/>
        <line num="9" count="4" type="stmt"/>
        <line num="12" count="94" type="stmt"/>
        <line num="18" count="94" type="stmt"/>
        <line num="28" count="2" type="stmt"/>
      </file>
      <file name="Tags.js" path="/Users/yuya/Desktop/ruffnote/react-tagging-input/src/component/js/Tags.js">
        <metrics statements="38" coveredstatements="38" conditionals="58" coveredconditionals="43" methods="19" coveredmethods="19"/>
        <line num="1" count="5" type="stmt"/>
        <line num="6" count="23" type="stmt"/>
        <line num="8" count="1" type="stmt"/>
        <line num="50" count="23" type="stmt"/>
        <line num="52" count="1" type="stmt"/>
        <line num="55" count="10" type="stmt"/>
        <line num="56" count="2" type="stmt"/>
        <line num="61" count="9" type="stmt"/>
        <line num="63" count="9" type="stmt"/>
        <line num="64" count="1" type="stmt"/>
        <line num="67" count="8" type="stmt"/>
        <line num="70" count="8" type="stmt"/>
        <line num="71" count="2" type="stmt"/>
        <line num="74" count="8" type="stmt"/>
        <line num="75" count="2" type="stmt"/>
        <line num="83" count="3" type="stmt"/>
        <line num="84" count="3" type="stmt"/>
        <line num="86" count="3" type="stmt"/>
        <line num="89" count="3" type="stmt"/>
        <line num="90" count="2" type="stmt"/>
        <line num="93" count="3" type="stmt"/>
        <line num="94" count="2" type="stmt"/>
        <line num="100" count="12" type="stmt"/>
        <line num="102" count="11" type="stmt"/>
        <line num="103" count="10" type="stmt"/>
        <line num="104" count="3" type="stmt"/>
        <line num="107" count="10" type="stmt"/>
        <line num="112" count="14" type="stmt"/>
        <line num="114" count="14" type="stmt"/>
        <line num="115" count="5" type="stmt"/>
        <line num="118" count="14" type="stmt"/>
        <line num="124" count="48" type="stmt"/>
        <line num="126" count="48" type="stmt"/>
        <line num="127" count="101" type="stmt"/>
        <line num="135" count="48" type="stmt"/>
        <line num="147" count="48" type="stmt"/>
        <line num="149" count="48" type="stmt"/>
        <line num="158" count="1" type="stmt"/>
      </file>
    </metrics>
  </project>
</coverage>
