{"/Users/yuya/Desktop/ruffnote/react-tagging-input/src/component/js/Tag.js": {"path":"/Users/yuya/Desktop/ruffnote/react-tagging-input/src/component/js/Tag.js","statementMap":{"0":{"start":{"line":3,"column":166},"end":{"line":3,"column":220}},"1":{"start":{"line":5,"column":10},"end":{"line":24,"column":1}},"2":{"start":{"line":6,"column":21},"end":{"line":10,"column":2}},"3":{"start":{"line":7,"column":2},"end":{"line":7,"column":21}},"4":{"start":{"line":9,"column":2},"end":{"line":9,"column":23}},"5":{"start":{"line":12,"column":18},"end":{"line":16,"column":5}},"6":{"start":{"line":18,"column":1},"end":{"line":21,"column":16}},"7":{"start":{"line":28,"column":0},"end":{"line":35,"column":56}}},"fnMap":{"0":{"name":"_interopRequireDefault","decl":{"start":{"line":3,"column":137},"end":{"line":3,"column":159}},"loc":{"start":{"line":3,"column":165},"end":{"line":3,"column":221}}},"1":{"name":"Tag","decl":{"start":{"line":5,"column":19},"end":{"line":5,"column":22}},"loc":{"start":{"line":5,"column":30},"end":{"line":24,"column":1}}},"2":{"name":"onRemoveClick","decl":{"start":{"line":6,"column":30},"end":{"line":6,"column":43}},"loc":{"start":{"line":6,"column":47},"end":{"line":10,"column":2}}}},"branchMap":{"0":{"loc":{"start":{"line":3,"column":173},"end":{"line":3,"column":219}},"type":"cond-expr","locations":[{"start":{"line":3,"column":197},"end":{"line":3,"column":200}},{"start":{"line":3,"column":203},"end":{"line":3,"column":219}}]},"1":{"loc":{"start":{"line":3,"column":173},"end":{"line":3,"column":194}},"type":"binary-expr","locations":[{"start":{"line":3,"column":173},"end":{"line":3,"column":176}},{"start":{"line":3,"column":180},"end":{"line":3,"column":194}}]},"2":{"loc":{"start":{"line":12,"column":18},"end":{"line":16,"column":5}},"type":"cond-expr","locations":[{"start":{"line":16,"column":1},"end":{"line":16,"column":5}}]},"3":{"loc":{"start":{"line":14,"column":2},"end":{"line":14,"column":49}},"type":"binary-expr","locations":[{"start":{"line":14,"column":2},"end":{"line":14,"column":21}},{"start":{"line":14,"column":25},"end":{"line":14,"column":49}}]}},"s":{"0":2,"1":2,"2":94,"3":4,"4":4,"5":94,"6":94,"7":2},"f":{"0":2,"1":94,"2":4},"b":{"0":[0,2],"1":[2,2],"2":[1],"3":[93,91]},"_coverageSchema":"332fd63041d2c1bcb487cc26dd0d5f7d97098a6c","hash":"b804916c6dab7c25f5f243e993581beb49f18a22"}
,"/Users/yuya/Desktop/ruffnote/react-tagging-input/src/component/js/Tags.js": {"path":"/Users/yuya/Desktop/ruffnote/react-tagging-input/src/component/js/Tags.js","statementMap":{"0":{"start":{"line":1,"column":121},"end":{"line":1,"column":650}},"1":{"start":{"line":1,"column":176},"end":{"line":1,"column":441}},"2":{"start":{"line":1,"column":233},"end":{"line":1,"column":241}},"3":{"start":{"line":1,"column":242},"end":{"line":1,"column":297}},"4":{"start":{"line":1,"column":297},"end":{"line":1,"column":328}},"5":{"start":{"line":1,"column":328},"end":{"line":1,"column":382}},"6":{"start":{"line":1,"column":355},"end":{"line":1,"column":382}},"7":{"start":{"line":1,"column":382},"end":{"line":1,"column":440}},"8":{"start":{"line":1,"column":442},"end":{"line":1,"column":647}},"9":{"start":{"line":1,"column":498},"end":{"line":1,"column":566}},"10":{"start":{"line":1,"column":514},"end":{"line":1,"column":566}},"11":{"start":{"line":1,"column":566},"end":{"line":1,"column":626}},"12":{"start":{"line":1,"column":583},"end":{"line":1,"column":626}},"13":{"start":{"line":1,"column":626},"end":{"line":1,"column":645}},"14":{"start":{"line":6,"column":180},"end":{"line":6,"column":331}},"15":{"start":{"line":6,"column":205},"end":{"line":6,"column":287}},"16":{"start":{"line":6,"column":269},"end":{"line":6,"column":286}},"17":{"start":{"line":6,"column":287},"end":{"line":6,"column":299}},"18":{"start":{"line":6,"column":307},"end":{"line":6,"column":330}},"19":{"start":{"line":6,"column":381},"end":{"line":6,"column":480}},"20":{"start":{"line":6,"column":422},"end":{"line":6,"column":479}},"21":{"start":{"line":6,"column":530},"end":{"line":6,"column":629}},"22":{"start":{"line":6,"column":542},"end":{"line":6,"column":628}},"23":{"start":{"line":6,"column":629},"end":{"line":6,"column":715}},"24":{"start":{"line":6,"column":758},"end":{"line":6,"column":921}},"25":{"start":{"line":6,"column":820},"end":{"line":6,"column":920}},"26":{"start":{"line":6,"column":921},"end":{"line":6,"column":1085}},"27":{"start":{"line":6,"column":1085},"end":{"line":6,"column":1203}},"28":{"start":{"line":6,"column":1101},"end":{"line":6,"column":1203}},"29":{"start":{"line":8,"column":7},"end":{"line":158,"column":39}},"30":{"start":{"line":8,"column":30},"end":{"line":8,"column":58}},"31":{"start":{"line":50,"column":115},"end":{"line":51,"column":9}},"32":{"start":{"line":52,"column":2},"end":{"line":158,"column":8}},"33":{"start":{"line":55,"column":3},"end":{"line":57,"column":4}},"34":{"start":{"line":56,"column":4},"end":{"line":56,"column":61}},"35":{"start":{"line":56,"column":54},"end":{"line":56,"column":61}},"36":{"start":{"line":61,"column":15},"end":{"line":61,"column":38}},"37":{"start":{"line":63,"column":3},"end":{"line":65,"column":4}},"38":{"start":{"line":64,"column":4},"end":{"line":64,"column":52}},"39":{"start":{"line":64,"column":45},"end":{"line":64,"column":52}},"40":{"start":{"line":67,"column":3},"end":{"line":79,"column":6}},"41":{"start":{"line":70,"column":4},"end":{"line":72,"column":5}},"42":{"start":{"line":71,"column":5},"end":{"line":71,"column":60}},"43":{"start":{"line":74,"column":4},"end":{"line":76,"column":5}},"44":{"start":{"line":75,"column":5},"end":{"line":75,"column":20}},"45":{"start":{"line":83,"column":3},"end":{"line":83,"column":13}},"46":{"start":{"line":83,"column":25},"end":{"line":83,"column":41}},"47":{"start":{"line":83,"column":54},"end":{"line":83,"column":71}},"48":{"start":{"line":84,"column":15},"end":{"line":84,"column":37}},"49":{"start":{"line":86,"column":3},"end":{"line":96,"column":6}},"50":{"start":{"line":89,"column":4},"end":{"line":91,"column":5}},"51":{"start":{"line":90,"column":5},"end":{"line":90,"column":60}},"52":{"start":{"line":93,"column":4},"end":{"line":95,"column":5}},"53":{"start":{"line":94,"column":5},"end":{"line":94,"column":22}},"54":{"start":{"line":100,"column":3},"end":{"line":100,"column":39}},"55":{"start":{"line":100,"column":32},"end":{"line":100,"column":39}},"56":{"start":{"line":102,"column":3},"end":{"line":108,"column":4}},"57":{"start":{"line":103,"column":4},"end":{"line":105,"column":5}},"58":{"start":{"line":104,"column":5},"end":{"line":104,"column":24}},"59":{"start":{"line":107,"column":4},"end":{"line":107,"column":18}},"60":{"start":{"line":112,"column":15},"end":{"line":112,"column":36}},"61":{"start":{"line":114,"column":3},"end":{"line":116,"column":4}},"62":{"start":{"line":115,"column":4},"end":{"line":115,"column":36}},"63":{"start":{"line":118,"column":3},"end":{"line":119,"column":20}},"64":{"start":{"line":124,"column":3},"end":{"line":124,"column":13}},"65":{"start":{"line":124,"column":25},"end":{"line":124,"column":41}},"66":{"start":{"line":124,"column":58},"end":{"line":124,"column":79}},"67":{"start":{"line":124,"column":94},"end":{"line":124,"column":113}},"68":{"start":{"line":124,"column":119},"end":{"line":124,"column":129}},"69":{"start":{"line":126,"column":18},"end":{"line":133,"column":5}},"70":{"start":{"line":127,"column":4},"end":{"line":132,"column":109}},"71":{"start":{"line":135,"column":18},"end":{"line":145,"column":7}},"72":{"start":{"line":147,"column":20},"end":{"line":147,"column":111}},"73":{"start":{"line":149,"column":3},"end":{"line":155,"column":16}},"74":{"start":{"line":158,"column":8},"end":{"line":158,"column":20}}},"fnMap":{"0":{"name":"(anonymous_0)","decl":{"start":{"line":1,"column":121},"end":{"line":1,"column":122}},"loc":{"start":{"line":1,"column":133},"end":{"line":1,"column":648}}},"1":{"name":"defineProperties","decl":{"start":{"line":1,"column":143},"end":{"line":1,"column":159}},"loc":{"start":{"line":1,"column":175},"end":{"line":1,"column":442}}},"2":{"name":"(anonymous_2)","decl":{"start":{"line":1,"column":449},"end":{"line":1,"column":450}},"loc":{"start":{"line":1,"column":497},"end":{"line":1,"column":646}}},"3":{"name":"_toConsumableArray","decl":{"start":{"line":6,"column":155},"end":{"line":6,"column":173}},"loc":{"start":{"line":6,"column":179},"end":{"line":6,"column":332}}},"4":{"name":"_classCallCheck","decl":{"start":{"line":6,"column":341},"end":{"line":6,"column":356}},"loc":{"start":{"line":6,"column":380},"end":{"line":6,"column":481}}},"5":{"name":"_possibleConstructorReturn","decl":{"start":{"line":6,"column":490},"end":{"line":6,"column":516}},"loc":{"start":{"line":6,"column":529},"end":{"line":6,"column":716}}},"6":{"name":"_inherits","decl":{"start":{"line":6,"column":725},"end":{"line":6,"column":734}},"loc":{"start":{"line":6,"column":757},"end":{"line":6,"column":1204}}},"7":{"name":"(anonymous_7)","decl":{"start":{"line":8,"column":7},"end":{"line":8,"column":8}},"loc":{"start":{"line":8,"column":29},"end":{"line":158,"column":21}}},"8":{"name":"Tags","decl":{"start":{"line":50,"column":36},"end":{"line":50,"column":40}},"loc":{"start":{"line":50,"column":48},"end":{"line":52,"column":2}}},"9":{"name":"addTag","decl":{"start":{"line":52,"column":55},"end":{"line":52,"column":61}},"loc":{"start":{"line":54,"column":2},"end":{"line":80,"column":3}}},"10":{"name":"(anonymous_10)","decl":{"start":{"line":69,"column":3},"end":{"line":69,"column":4}},"loc":{"start":{"line":69,"column":15},"end":{"line":79,"column":4}}},"11":{"name":"removeTag","decl":{"start":{"line":80,"column":43},"end":{"line":80,"column":52}},"loc":{"start":{"line":82,"column":9},"end":{"line":97,"column":3}}},"12":{"name":"(anonymous_12)","decl":{"start":{"line":87,"column":33},"end":{"line":87,"column":34}},"loc":{"start":{"line":87,"column":75},"end":{"line":87,"column":96}}},"13":{"name":"(anonymous_13)","decl":{"start":{"line":88,"column":3},"end":{"line":88,"column":4}},"loc":{"start":{"line":88,"column":15},"end":{"line":96,"column":4}}},"14":{"name":"onInputKey","decl":{"start":{"line":97,"column":44},"end":{"line":97,"column":54}},"loc":{"start":{"line":99,"column":5},"end":{"line":109,"column":3}}},"15":{"name":"onInputChange","decl":{"start":{"line":109,"column":47},"end":{"line":109,"column":60}},"loc":{"start":{"line":111,"column":5},"end":{"line":121,"column":3}}},"16":{"name":"render","decl":{"start":{"line":121,"column":40},"end":{"line":121,"column":46}},"loc":{"start":{"line":123,"column":2},"end":{"line":158,"column":3}}},"17":{"name":"(anonymous_17)","decl":{"start":{"line":126,"column":38},"end":{"line":126,"column":39}},"loc":{"start":{"line":126,"column":56},"end":{"line":133,"column":4}}},"18":{"name":"ref","decl":{"start":{"line":144,"column":44},"end":{"line":144,"column":47}},"loc":{"start":{"line":144,"column":78},"end":{"line":144,"column":133}}}},"branchMap":{"0":{"loc":{"start":{"line":1,"column":266},"end":{"line":1,"column":296}},"type":"binary-expr","locations":[{"start":{"line":1,"column":266},"end":{"line":1,"column":287}},{"start":{"line":1,"column":291},"end":{"line":1,"column":296}}]},"1":{"loc":{"start":{"line":1,"column":328},"end":{"line":1,"column":382}},"type":"if","locations":[{"start":{"line":1,"column":328},"end":{"line":1,"column":382}},{"start":{"line":1,"column":328},"end":{"line":1,"column":382}}]},"2":{"loc":{"start":{"line":1,"column":498},"end":{"line":1,"column":566}},"type":"if","locations":[{"start":{"line":1,"column":498},"end":{"line":1,"column":566}},{"start":{"line":1,"column":498},"end":{"line":1,"column":566}}]},"3":{"loc":{"start":{"line":1,"column":566},"end":{"line":1,"column":626}},"type":"if","locations":[{"start":{"line":1,"column":566},"end":{"line":1,"column":626}},{"start":{"line":1,"column":566},"end":{"line":1,"column":626}}]},"4":{"loc":{"start":{"line":6,"column":180},"end":{"line":6,"column":331}},"type":"if","locations":[{"start":{"line":6,"column":180},"end":{"line":6,"column":331}},{"start":{"line":6,"column":180},"end":{"line":6,"column":331}}]},"5":{"loc":{"start":{"line":6,"column":381},"end":{"line":6,"column":480}},"type":"if","locations":[{"start":{"line":6,"column":381},"end":{"line":6,"column":480}},{"start":{"line":6,"column":381},"end":{"line":6,"column":480}}]},"6":{"loc":{"start":{"line":6,"column":530},"end":{"line":6,"column":629}},"type":"if","locations":[{"start":{"line":6,"column":530},"end":{"line":6,"column":629}},{"start":{"line":6,"column":530},"end":{"line":6,"column":629}}]},"7":{"loc":{"start":{"line":6,"column":636},"end":{"line":6,"column":714}},"type":"cond-expr","locations":[{"start":{"line":6,"column":703},"end":{"line":6,"column":707}},{"start":{"line":6,"column":710},"end":{"line":6,"column":714}}]},"8":{"loc":{"start":{"line":6,"column":636},"end":{"line":6,"column":700}},"type":"binary-expr","locations":[{"start":{"line":6,"column":636},"end":{"line":6,"column":640}},{"start":{"line":6,"column":645},"end":{"line":6,"column":669}},{"start":{"line":6,"column":673},"end":{"line":6,"column":699}}]},"9":{"loc":{"start":{"line":6,"column":758},"end":{"line":6,"column":921}},"type":"if","locations":[{"start":{"line":6,"column":758},"end":{"line":6,"column":921}},{"start":{"line":6,"column":758},"end":{"line":6,"column":921}}]},"10":{"loc":{"start":{"line":6,"column":762},"end":{"line":6,"column":817}},"type":"binary-expr","locations":[{"start":{"line":6,"column":762},"end":{"line":6,"column":794}},{"start":{"line":6,"column":798},"end":{"line":6,"column":817}}]},"11":{"loc":{"start":{"line":6,"column":956},"end":{"line":6,"column":990}},"type":"binary-expr","locations":[{"start":{"line":6,"column":956},"end":{"line":6,"column":966}},{"start":{"line":6,"column":970},"end":{"line":6,"column":990}}]},"12":{"loc":{"start":{"line":6,"column":1085},"end":{"line":6,"column":1203}},"type":"if","locations":[{"start":{"line":6,"column":1085},"end":{"line":6,"column":1203}},{"start":{"line":6,"column":1085},"end":{"line":6,"column":1203}}]},"13":{"loc":{"start":{"line":6,"column":1101},"end":{"line":6,"column":1202}},"type":"cond-expr","locations":[{"start":{"line":6,"column":1125},"end":{"line":6,"column":1168}},{"start":{"line":6,"column":1171},"end":{"line":6,"column":1202}}]},"14":{"loc":{"start":{"line":50,"column":149},"end":{"line":50,"column":194}},"type":"binary-expr","locations":[{"start":{"line":50,"column":149},"end":{"line":50,"column":163}},{"start":{"line":50,"column":167},"end":{"line":50,"column":194}}]},"15":{"loc":{"start":{"line":55,"column":3},"end":{"line":57,"column":4}},"type":"if","locations":[{"start":{"line":55,"column":3},"end":{"line":57,"column":4}},{"start":{"line":55,"column":3},"end":{"line":57,"column":4}}]},"16":{"loc":{"start":{"line":56,"column":4},"end":{"line":56,"column":61}},"type":"if","locations":[{"start":{"line":56,"column":4},"end":{"line":56,"column":61}},{"start":{"line":56,"column":4},"end":{"line":56,"column":61}}]},"17":{"loc":{"start":{"line":63,"column":3},"end":{"line":65,"column":4}},"type":"if","locations":[{"start":{"line":63,"column":3},"end":{"line":65,"column":4}},{"start":{"line":63,"column":3},"end":{"line":65,"column":4}}]},"18":{"loc":{"start":{"line":64,"column":4},"end":{"line":64,"column":52}},"type":"if","locations":[{"start":{"line":64,"column":4},"end":{"line":64,"column":52}},{"start":{"line":64,"column":4},"end":{"line":64,"column":52}}]},"19":{"loc":{"start":{"line":70,"column":4},"end":{"line":72,"column":5}},"type":"if","locations":[{"start":{"line":70,"column":4},"end":{"line":72,"column":5}},{"start":{"line":70,"column":4},"end":{"line":72,"column":5}}]},"20":{"loc":{"start":{"line":74,"column":4},"end":{"line":76,"column":5}},"type":"if","locations":[{"start":{"line":74,"column":4},"end":{"line":76,"column":5}},{"start":{"line":74,"column":4},"end":{"line":76,"column":5}}]},"21":{"loc":{"start":{"line":89,"column":4},"end":{"line":91,"column":5}},"type":"if","locations":[{"start":{"line":89,"column":4},"end":{"line":91,"column":5}},{"start":{"line":89,"column":4},"end":{"line":91,"column":5}}]},"22":{"loc":{"start":{"line":93,"column":4},"end":{"line":95,"column":5}},"type":"if","locations":[{"start":{"line":93,"column":4},"end":{"line":95,"column":5}},{"start":{"line":93,"column":4},"end":{"line":95,"column":5}}]},"23":{"loc":{"start":{"line":100,"column":3},"end":{"line":100,"column":39}},"type":"if","locations":[{"start":{"line":100,"column":3},"end":{"line":100,"column":39}},{"start":{"line":100,"column":3},"end":{"line":100,"column":39}}]},"24":{"loc":{"start":{"line":102,"column":3},"end":{"line":108,"column":4}},"type":"if","locations":[{"start":{"line":102,"column":3},"end":{"line":108,"column":4}},{"start":{"line":102,"column":3},"end":{"line":108,"column":4}}]},"25":{"loc":{"start":{"line":103,"column":4},"end":{"line":105,"column":5}},"type":"if","locations":[{"start":{"line":103,"column":4},"end":{"line":105,"column":5}},{"start":{"line":103,"column":4},"end":{"line":105,"column":5}}]},"26":{"loc":{"start":{"line":114,"column":3},"end":{"line":116,"column":4}},"type":"if","locations":[{"start":{"line":114,"column":3},"end":{"line":116,"column":4}},{"start":{"line":114,"column":3},"end":{"line":116,"column":4}}]},"27":{"loc":{"start":{"line":135,"column":18},"end":{"line":145,"column":7}},"type":"cond-expr","locations":[{"start":{"line":145,"column":3},"end":{"line":145,"column":7}}]},"28":{"loc":{"start":{"line":147,"column":20},"end":{"line":147,"column":111}},"type":"cond-expr","locations":[{"start":{"line":147,"column":31},"end":{"line":147,"column":85}},{"start":{"line":147,"column":88},"end":{"line":147,"column":111}}]}},"s":{"0":1,"1":1,"2":5,"3":5,"4":5,"5":5,"6":5,"7":5,"8":1,"9":1,"10":1,"11":1,"12":0,"13":1,"14":8,"15":8,"16":16,"17":8,"18":0,"19":23,"20":0,"21":23,"22":0,"23":23,"24":1,"25":0,"26":1,"27":1,"28":1,"29":1,"30":1,"31":23,"32":1,"33":10,"34":2,"35":1,"36":9,"37":9,"38":1,"39":1,"40":8,"41":8,"42":2,"43":8,"44":2,"45":3,"46":3,"47":3,"48":3,"49":3,"50":3,"51":2,"52":3,"53":2,"54":12,"55":1,"56":11,"57":10,"58":3,"59":10,"60":14,"61":14,"62":5,"63":14,"64":48,"65":48,"66":48,"67":48,"68":48,"69":48,"70":101,"71":48,"72":48,"73":48,"74":1},"f":{"0":1,"1":1,"2":1,"3":8,"4":23,"5":23,"6":1,"7":1,"8":23,"9":10,"10":8,"11":3,"12":6,"13":3,"14":12,"15":14,"16":48,"17":101,"18":66},"b":{"0":[5,5],"1":[5,0],"2":[1,0],"3":[0,1],"4":[8,0],"5":[0,23],"6":[0,23],"7":[0,23],"8":[23,0,0],"9":[0,1],"10":[1,0],"11":[1,1],"12":[1,0],"13":[1,0],"14":[23,0],"15":[2,8],"16":[1,1],"17":[1,8],"18":[1,0],"19":[2,6],"20":[2,6],"21":[2,1],"22":[2,1],"23":[1,11],"24":[10,1],"25":[3,7],"26":[5,9],"27":[2],"28":[2,46]},"_coverageSchema":"332fd63041d2c1bcb487cc26dd0d5f7d97098a6c","hash":"3021e4bf1245ba9d5e87fd4dc0bcba5ca913bc31"}
}
