TN:
SF:/Users/yuya/Desktop/ruffnote/react-tagging-input/src/component/js/Tag.js
FN:3,_interopRequireDefault
FN:5,Tag
FN:6,onRemoveClick
FNF:3
FNH:3
FNDA:2,_interopRequireDefault
FNDA:94,Tag
FNDA:4,onRemoveClick
DA:3,2
DA:5,2
DA:6,94
DA:7,4
DA:9,4
DA:12,94
DA:18,94
DA:28,2
LF:8
LH:8
BRDA:3,0,0,0
BRDA:3,0,1,2
BRDA:3,1,0,2
BRDA:3,1,1,2
BRDA:12,2,0,1
BRDA:14,3,0,93
BRDA:14,3,1,91
BRF:7
BRH:6
end_of_record
TN:
SF:/Users/yuya/Desktop/ruffnote/react-tagging-input/src/component/js/Tags.js
FN:1,(anonymous_0)
FN:1,defineProperties
FN:1,(anonymous_2)
FN:6,_toConsumableArray
FN:6,_classCallCheck
FN:6,_possibleConstructorReturn
FN:6,_inherits
FN:8,(anonymous_7)
FN:50,Tags
FN:52,addTag
FN:69,(anonymous_10)
FN:80,removeTag
FN:87,(anonymous_12)
FN:88,(anonymous_13)
FN:97,onInputKey
FN:109,onInputChange
FN:121,render
FN:126,(anonymous_17)
FN:144,ref
FNF:19
FNH:19
FNDA:1,(anonymous_0)
FNDA:1,defineProperties
FNDA:1,(anonymous_2)
FNDA:8,_toConsumableArray
FNDA:23,_classCallCheck
FNDA:23,_possibleConstructorReturn
FNDA:1,_inherits
FNDA:1,(anonymous_7)
FNDA:23,Tags
FNDA:10,addTag
FNDA:8,(anonymous_10)
FNDA:3,removeTag
FNDA:6,(anonymous_12)
FNDA:3,(anonymous_13)
FNDA:12,onInputKey
FNDA:14,onInputChange
FNDA:48,render
FNDA:101,(anonymous_17)
FNDA:66,ref
DA:1,5
DA:6,23
DA:8,1
DA:50,23
DA:52,1
DA:55,10
DA:56,2
DA:61,9
DA:63,9
DA:64,1
DA:67,8
DA:70,8
DA:71,2
DA:74,8
DA:75,2
DA:83,3
DA:84,3
DA:86,3
DA:89,3
DA:90,2
DA:93,3
DA:94,2
DA:100,12
DA:102,11
DA:103,10
DA:104,3
DA:107,10
DA:112,14
DA:114,14
DA:115,5
DA:118,14
DA:124,48
DA:126,48
DA:127,101
DA:135,48
DA:147,48
DA:149,48
DA:158,1
LF:38
LH:38
BRDA:1,0,0,5
BRDA:1,0,1,5
BRDA:1,1,0,5
BRDA:1,1,1,0
BRDA:1,2,0,1
BRDA:1,2,1,0
BRDA:1,3,0,0
BRDA:1,3,1,1
BRDA:6,4,0,8
BRDA:6,4,1,0
BRDA:6,5,0,0
BRDA:6,5,1,23
BRDA:6,6,0,0
BRDA:6,6,1,23
BRDA:6,7,0,0
BRDA:6,7,1,23
BRDA:6,8,0,23
BRDA:6,8,1,0
BRDA:6,8,2,0
BRDA:6,9,0,0
BRDA:6,9,1,1
BRDA:6,10,0,1
BRDA:6,10,1,0
BRDA:6,11,0,1
BRDA:6,11,1,1
BRDA:6,12,0,1
BRDA:6,12,1,0
BRDA:6,13,0,1
BRDA:6,13,1,0
BRDA:50,14,0,23
BRDA:50,14,1,0
BRDA:55,15,0,2
BRDA:55,15,1,8
BRDA:56,16,0,1
BRDA:56,16,1,1
BRDA:63,17,0,1
BRDA:63,17,1,8
BRDA:64,18,0,1
BRDA:64,18,1,0
BRDA:70,19,0,2
BRDA:70,19,1,6
BRDA:74,20,0,2
BRDA:74,20,1,6
BRDA:89,21,0,2
BRDA:89,21,1,1
BRDA:93,22,0,2
BRDA:93,22,1,1
BRDA:100,23,0,1
BRDA:100,23,1,11
BRDA:102,24,0,10
BRDA:102,24,1,1
BRDA:103,25,0,3
BRDA:103,25,1,7
BRDA:114,26,0,5
BRDA:114,26,1,9
BRDA:135,27,0,2
BRDA:147,28,0,2
BRDA:147,28,1,46
BRF:58
BRH:43
end_of_record
